Performing C SOURCE FILE Test CMAKE_HAVE_LIBC_PTHREAD failed with the following output:
Change Dir: /home/sdube/Desktop/GitHub/GtestProject/ArrAndStrings/1.1/BUILD/CMakeFiles/CMakeTmp

Run Build Command(s):/usr/bin/make cmTC_383fe/fast && /usr/bin/make -f CMakeFiles/cmTC_383fe.dir/build.make CMakeFiles/cmTC_383fe.dir/build
make[1]: Entering directory '/home/sdube/Desktop/GitHub/GtestProject/ArrAndStrings/1.1/BUILD/CMakeFiles/CMakeTmp'
Building C object CMakeFiles/cmTC_383fe.dir/src.c.o
/usr/bin/cc   -DCMAKE_HAVE_LIBC_PTHREAD   -o CMakeFiles/cmTC_383fe.dir/src.c.o   -c /home/sdube/Desktop/GitHub/GtestProject/ArrAndStrings/1.1/BUILD/CMakeFiles/CMakeTmp/src.c
Linking C executable cmTC_383fe
/usr/bin/cmake -E cmake_link_script CMakeFiles/cmTC_383fe.dir/link.txt --verbose=1
/usr/bin/cc  -DCMAKE_HAVE_LIBC_PTHREAD    -rdynamic CMakeFiles/cmTC_383fe.dir/src.c.o  -o cmTC_383fe 
/usr/bin/ld: CMakeFiles/cmTC_383fe.dir/src.c.o: in function `main':
src.c:(.text+0x46): undefined reference to `pthread_create'
/usr/bin/ld: src.c:(.text+0x52): undefined reference to `pthread_detach'
/usr/bin/ld: src.c:(.text+0x63): undefined reference to `pthread_join'
collect2: error: ld returned 1 exit status
make[1]: *** [CMakeFiles/cmTC_383fe.dir/build.make:87: cmTC_383fe] Error 1
make[1]: Leaving directory '/home/sdube/Desktop/GitHub/GtestProject/ArrAndStrings/1.1/BUILD/CMakeFiles/CMakeTmp'
make: *** [Makefile:121: cmTC_383fe/fast] Error 2


Source file was:
#include <pthread.h>

void* test_func(void* data)
{
  return data;
}

int main(void)
{
  pthread_t thread;
  pthread_create(&thread, NULL, test_func, NULL);
  pthread_detach(thread);
  pthread_join(thread, NULL);
  pthread_atfork(NULL, NULL, NULL);
  pthread_exit(NULL);

  return 0;
}

Determining if the function pthread_create exists in the pthreads failed with the following output:
Change Dir: /home/sdube/Desktop/GitHub/GtestProject/ArrAndStrings/1.1/BUILD/CMakeFiles/CMakeTmp

Run Build Command(s):/usr/bin/make cmTC_e73fd/fast && /usr/bin/make -f CMakeFiles/cmTC_e73fd.dir/build.make CMakeFiles/cmTC_e73fd.dir/build
make[1]: Entering directory '/home/sdube/Desktop/GitHub/GtestProject/ArrAndStrings/1.1/BUILD/CMakeFiles/CMakeTmp'
Building C object CMakeFiles/cmTC_e73fd.dir/CheckFunctionExists.c.o
/usr/bin/cc   -DCHECK_FUNCTION_EXISTS=pthread_create   -o CMakeFiles/cmTC_e73fd.dir/CheckFunctionExists.c.o   -c /usr/share/cmake-3.16/Modules/CheckFunctionExists.c
Linking C executable cmTC_e73fd
/usr/bin/cmake -E cmake_link_script CMakeFiles/cmTC_e73fd.dir/link.txt --verbose=1
/usr/bin/cc  -DCHECK_FUNCTION_EXISTS=pthread_create    -rdynamic CMakeFiles/cmTC_e73fd.dir/CheckFunctionExists.c.o  -o cmTC_e73fd  -lpthreads 
/usr/bin/ld: cannot find -lpthreads
collect2: error: ld returned 1 exit status
make[1]: *** [CMakeFiles/cmTC_e73fd.dir/build.make:87: cmTC_e73fd] Error 1
make[1]: Leaving directory '/home/sdube/Desktop/GitHub/GtestProject/ArrAndStrings/1.1/BUILD/CMakeFiles/CMakeTmp'
make: *** [Makefile:121: cmTC_e73fd/fast] Error 2



